This file contains any messages produced by compilers while
running configure, to aid debugging if configure makes a mistake.

It was created by configure, which was
generated by GNU Autoconf 2.69.  Invocation command line was

  $ ./configure 

## --------- ##
## Platform. ##
## --------- ##

hostname = hplap
uname -m = x86_64
uname -r = 4.15.8-64
uname -s = Linux
uname -v = #68 SMP Sun Mar 18 05:59:35 UTC 2018

/usr/bin/uname -p = unknown
/bin/uname -X     = unknown

/bin/arch              = unknown
/usr/bin/arch -k       = unknown
/usr/convex/getsysinfo = unknown
/usr/bin/hostinfo      = unknown
/bin/machine           = unknown
/usr/bin/oslevel       = unknown
/bin/universe          = unknown

PATH: /usr/prebin
PATH: /usr/local/bin
PATH: /usr/bin
PATH: /usr/X11R7/bin
PATH: /bin
PATH: /usr/games/bin
PATH: .
PATH: /opt/Csound-6.05/bin
PATH: /opt/Python-2.7.13/bin
PATH: /opt/Python-3.6.2/bin
PATH: /opt/Qt5/bin
PATH: /opt/SDL/bin
PATH: /opt/SDL2/bin
PATH: /opt/games/bin
PATH: /opt/ghostscript-9.22/bin
PATH: /opt/git-2.16.2/bin
PATH: /opt/lua-5.3.4/bin
PATH: /opt/mujs-1.0.3/bin
PATH: /opt/netpbm-10.66.02/bin
PATH: /opt/opengl/bin
PATH: /opt/perl-5.24.1/bin
PATH: /opt/qemu-2.8.1_SDL_build/bin
PATH: /opt/ruby-2.5.0/bin
PATH: /opt/schily/bin
PATH: /opt/tcl-8.6.8/bin
PATH: /opt/timekeeper/bin
PATH: /opt/wine-3.8/bin


## ----------- ##
## Core tests. ##
## ----------- ##

configure:1921: checking for gcc
configure:1937: found /usr/bin/gcc
configure:1948: result: gcc
configure:2177: checking for C compiler version
configure:2186: gcc --version >&5
gcc (GCC) 8.1.0
Copyright (C) 2018 Free Software Foundation, Inc.
This is free software; see the source for copying conditions.  There is NO
warranty; not even for MERCHANTABILITY or FITNESS FOR A PARTICULAR PURPOSE.

configure:2197: $? = 0
configure:2186: gcc -v >&5
Using built-in specs.
COLLECT_GCC=gcc
COLLECT_LTO_WRAPPER=/usr/libexec/gcc/i486-pc-linux-gnu/8.1.0/lto-wrapper
Target: i486-pc-linux-gnu
Configured with: ../gcc-8.1.0-src/configure --prefix=/usr --sysconfdir=/etc --includedir=/usr/include --localstatedir=/var --mandir=/usr/share/man --infodir=/usr/share/info --host=i486-pc-linux-gnu --build=i486-pc-linux-gnu --target=i486-pc-linux-gnu --enable-languages=c,c++,go --disable-nls --disable-multilib
Thread model: posix
gcc version 8.1.0 (GCC) 
configure:2197: $? = 0
configure:2186: gcc -V >&5
gcc: error: unrecognized command line option '-V'
gcc: fatal error: no input files
compilation terminated.
configure:2197: $? = 1
configure:2186: gcc -qversion >&5
gcc: error: unrecognized command line option '-qversion'; did you mean '--version'?
gcc: fatal error: no input files
compilation terminated.
configure:2197: $? = 1
configure:2217: checking whether the C compiler works
configure:2239: gcc    conftest.c  >&5
configure:2243: $? = 0
configure:2291: result: yes
configure:2294: checking for C compiler default output file name
configure:2296: result: a.out
configure:2302: checking for suffix of executables
configure:2309: gcc -o conftest    conftest.c  >&5
configure:2313: $? = 0
configure:2335: result: 
configure:2357: checking whether we are cross compiling
configure:2365: gcc -o conftest    conftest.c  >&5
configure:2369: $? = 0
configure:2376: ./conftest
configure:2380: $? = 0
configure:2395: result: no
configure:2400: checking for suffix of object files
configure:2422: gcc -c   conftest.c >&5
configure:2426: $? = 0
configure:2447: result: o
configure:2451: checking whether we are using the GNU C compiler
configure:2470: gcc -c   conftest.c >&5
configure:2470: $? = 0
configure:2479: result: yes
configure:2488: checking whether gcc accepts -g
configure:2508: gcc -c -g  conftest.c >&5
configure:2508: $? = 0
configure:2549: result: yes
configure:2566: checking for gcc option to accept ISO C89
configure:2629: gcc  -c -g -O2  conftest.c >&5
configure:2629: $? = 0
configure:2642: result: none needed
configure:2668: checking whether make sets $(MAKE)
configure:2690: result: yes
configure:2742: checking for a BSD-compatible install
configure:2810: result: /bin/install -c
configure:2827: checking how to run the C preprocessor
configure:2858: gcc -E  conftest.c
configure:2858: $? = 0
configure:2872: gcc -E  conftest.c
conftest.c:9:10: fatal error: ac_nonexistent.h: No such file or directory
 #include <ac_nonexistent.h>
          ^~~~~~~~~~~~~~~~~~
compilation terminated.
configure:2872: $? = 1
configure: failed program was:
| /* confdefs.h */
| #define PACKAGE_NAME ""
| #define PACKAGE_TARNAME ""
| #define PACKAGE_VERSION ""
| #define PACKAGE_STRING ""
| #define PACKAGE_BUGREPORT ""
| #define PACKAGE_URL ""
| /* end confdefs.h.  */
| #include <ac_nonexistent.h>
configure:2897: result: gcc -E
configure:2917: gcc -E  conftest.c
configure:2917: $? = 0
configure:2931: gcc -E  conftest.c
conftest.c:9:10: fatal error: ac_nonexistent.h: No such file or directory
 #include <ac_nonexistent.h>
          ^~~~~~~~~~~~~~~~~~
compilation terminated.
configure:2931: $? = 1
configure: failed program was:
| /* confdefs.h */
| #define PACKAGE_NAME ""
| #define PACKAGE_TARNAME ""
| #define PACKAGE_VERSION ""
| #define PACKAGE_STRING ""
| #define PACKAGE_BUGREPORT ""
| #define PACKAGE_URL ""
| /* end confdefs.h.  */
| #include <ac_nonexistent.h>
configure:2960: checking for grep that handles long lines and -e
configure:3018: result: /bin/grep
configure:3023: checking for egrep
configure:3085: result: /bin/grep -E
configure:3090: checking for ANSI C header files
configure:3110: gcc -c -g -O2  conftest.c >&5
configure:3110: $? = 0
configure:3183: gcc -o conftest -g -O2   conftest.c  >&5
configure:3183: $? = 0
configure:3183: ./conftest
configure:3183: $? = 0
configure:3194: result: yes
configure:3209: checking for lua
configure:3227: found /opt/lua-5.3.4/bin/lua
configure:3239: result: /opt/lua-5.3.4/bin/lua
configure:3267: checking for GetToken in -lUseful
configure:3292: gcc -o conftest -g -O2   conftest.c -lUseful   >&5
configure:3292: $? = 0
configure:3301: result: yes
configure:3318: checking for luaL_openlibs in -llua
configure:3343: gcc -o conftest -g -O2   conftest.c -llua  -lUseful  >&5
/usr/lib/gcc/i486-pc-linux-gnu/8.1.0/../../../../i486-pc-linux-gnu/bin/ld: cannot find -llua
collect2: error: ld returned 1 exit status
configure:3343: $? = 1
configure: failed program was:
| /* confdefs.h */
| #define PACKAGE_NAME ""
| #define PACKAGE_TARNAME ""
| #define PACKAGE_VERSION ""
| #define PACKAGE_STRING ""
| #define PACKAGE_BUGREPORT ""
| #define PACKAGE_URL ""
| #define STDC_HEADERS 1
| #define HAVE_LIBUSEFUL 1
| /* end confdefs.h.  */
| 
| /* Override any GCC internal prototype to avoid an error.
|    Use char because int might match the return type of a GCC
|    builtin and then its argument prototype would still apply.  */
| #ifdef __cplusplus
| extern "C"
| #endif
| char luaL_openlibs ();
| int
| main ()
| {
| return luaL_openlibs ();
|   ;
|   return 0;
| }
configure:3352: result: no
configure:3555: creating ./config.status

## ---------------------- ##
## Running config.status. ##
## ---------------------- ##

This file was extended by config.status, which was
generated by GNU Autoconf 2.69.  Invocation command line was

  CONFIG_FILES    = 
  CONFIG_HEADERS  = 
  CONFIG_LINKS    = 
  CONFIG_COMMANDS = 
  $ ./config.status 

on hplap

config.status:730: creating Makefile

## ---------------- ##
## Cache variables. ##
## ---------------- ##

ac_cv_c_compiler_gnu=yes
ac_cv_env_CC_set=
ac_cv_env_CC_value=
ac_cv_env_CFLAGS_set=
ac_cv_env_CFLAGS_value=
ac_cv_env_CPPFLAGS_set=
ac_cv_env_CPPFLAGS_value=
ac_cv_env_CPP_set=
ac_cv_env_CPP_value=
ac_cv_env_LDFLAGS_set=
ac_cv_env_LDFLAGS_value=
ac_cv_env_LIBS_set=
ac_cv_env_LIBS_value=
ac_cv_env_build_alias_set=
ac_cv_env_build_alias_value=
ac_cv_env_host_alias_set=
ac_cv_env_host_alias_value=
ac_cv_env_target_alias_set=
ac_cv_env_target_alias_value=
ac_cv_header_stdc=yes
ac_cv_lib_Useful_GetToken=yes
ac_cv_lib_lua_luaL_openlibs=no
ac_cv_objext=o
ac_cv_path_EGREP='/bin/grep -E'
ac_cv_path_GREP=/bin/grep
ac_cv_path_LUA_EXE_PATH=/opt/lua-5.3.4/bin/lua
ac_cv_path_install='/bin/install -c'
ac_cv_prog_CPP='gcc -E'
ac_cv_prog_ac_ct_CC=gcc
ac_cv_prog_cc_c89=
ac_cv_prog_cc_g=yes
ac_cv_prog_make_make_set=yes

## ----------------- ##
## Output variables. ##
## ----------------- ##

CC='gcc'
CFLAGS='-g -O2 -I/opt/lua-5.3.4/include -L/opt/lua-5.3.4/lib'
CPP='gcc -E'
CPPFLAGS=''
DEFS='-DPACKAGE_NAME=\"\" -DPACKAGE_TARNAME=\"\" -DPACKAGE_VERSION=\"\" -DPACKAGE_STRING=\"\" -DPACKAGE_BUGREPORT=\"\" -DPACKAGE_URL=\"\" -DSTDC_HEADERS=1 -DHAVE_LIBUSEFUL=1'
ECHO_C=''
ECHO_N='-n'
ECHO_T=''
EGREP='/bin/grep -E'
EXEEXT=''
GREP='/bin/grep'
INSTALL_DATA='${INSTALL} -m 644'
INSTALL_PROGRAM='${INSTALL}'
INSTALL_SCRIPT='${INSTALL}'
LDFLAGS=''
LIBOBJS=''
LIBS='-lUseful '
LTLIBOBJS=''
LUA_EXE_PATH='/opt/lua-5.3.4/bin/lua'
LUA_INCLUDE_DIR='/opt/lua-5.3.4/include'
LUA_MODULES_DIR='/opt/lua-5.3.4/lib/lua/5.3/'
OBJEXT='o'
PACKAGE_BUGREPORT=''
PACKAGE_NAME=''
PACKAGE_STRING=''
PACKAGE_TARNAME=''
PACKAGE_URL=''
PACKAGE_VERSION=''
PATH_SEPARATOR=':'
SET_MAKE=''
SHELL='/bin/sh'
ac_ct_CC='gcc'
bindir='${exec_prefix}/bin'
build_alias=''
datadir='${datarootdir}'
datarootdir='${prefix}/share'
docdir='${datarootdir}/doc/${PACKAGE}'
dvidir='${docdir}'
exec_prefix='${prefix}'
host_alias=''
htmldir='${docdir}'
includedir='${prefix}/include'
infodir='${datarootdir}/info'
libdir='${exec_prefix}/lib'
libexecdir='${exec_prefix}/libexec'
localedir='${datarootdir}/locale'
localstatedir='${prefix}/var'
mandir='${datarootdir}/man'
oldincludedir='/usr/include'
pdfdir='${docdir}'
prefix='/usr/local'
program_transform_name='s,x,x,'
psdir='${docdir}'
sbindir='${exec_prefix}/sbin'
sharedstatedir='${prefix}/com'
sysconfdir='${prefix}/etc'
target_alias=''

## ----------- ##
## confdefs.h. ##
## ----------- ##

/* confdefs.h */
#define PACKAGE_NAME ""
#define PACKAGE_TARNAME ""
#define PACKAGE_VERSION ""
#define PACKAGE_STRING ""
#define PACKAGE_BUGREPORT ""
#define PACKAGE_URL ""
#define STDC_HEADERS 1
#define HAVE_LIBUSEFUL 1

configure: exit 0
